  main.cpp
C:\Users\Debao\vcpkg\installed\x64-windows\include\ogr_featurestyle.h(89,39): warning C4251: 'OGRStyleTable::osLastRequestedStyleName': class 'CPLString' needs to have dll-interface to be used by clients of class 'OGRStyleTable'
C:\Users\Debao\vcpkg\installed\x64-windows\include\cpl_string.h(329): message : see declaration of 'CPLString'
C:\Users\Debao\vcpkg\installed\x64-windows\include\cpl_json.h(153,24): warning C4251: 'CPLJSONObject::m_osKey': class 'std::basic_string<char,std::char_traits<char>,std::allocator<char>>' needs to have dll-interface to be used by clients of class 'CPLJSONObject'
C:\Program Files (x86)\Microsoft Visual Studio\2019\Community\VC\Tools\MSVC\14.27.29110\include\xstring(4564): message : see declaration of 'std::basic_string<char,std::char_traits<char>,std::allocator<char>>'
C:\Users\Debao\vcpkg\installed\x64-windows\include\ogr_geometry.h(947,53): warning C4251: 'OGRCurve::ConstIterator::m_poPrivate': class 'std::unique_ptr<OGRCurve::ConstIterator::Private,std::default_delete<OGRCurve::ConstIterator::Private>>' needs to have dll-interface to be used by clients of class 'OGRCurve::ConstIterator'
C:\Users\Debao\vcpkg\installed\x64-windows\include\ogr_geometry.h(947): message : see declaration of 'std::unique_ptr<OGRCurve::ConstIterator::Private,std::default_delete<OGRCurve::ConstIterator::Private>>'
C:\Users\Debao\vcpkg\installed\x64-windows\include\ogr_geometry.h(1066,53): warning C4251: 'OGRSimpleCurve::Iterator::m_poPrivate': class 'std::unique_ptr<OGRSimpleCurve::Iterator::Private,std::default_delete<OGRSimpleCurve::Iterator::Private>>' needs to have dll-interface to be used by clients of class 'OGRSimpleCurve::Iterator'
C:\Users\Debao\vcpkg\installed\x64-windows\include\ogr_geometry.h(1066): message : see declaration of 'std::unique_ptr<OGRSimpleCurve::Iterator::Private,std::default_delete<OGRSimpleCurve::Iterator::Private>>'
C:\Users\Debao\vcpkg\installed\x64-windows\include\ogr_geometry.h(1083,53): warning C4251: 'OGRSimpleCurve::ConstIterator::m_poPrivate': class 'std::unique_ptr<OGRSimpleCurve::ConstIterator::Private,std::default_delete<OGRSimpleCurve::ConstIterator::Private>>' needs to have dll-interface to be used by clients of class 'OGRSimpleCurve::ConstIterator'
C:\Users\Debao\vcpkg\installed\x64-windows\include\ogr_geometry.h(1083): message : see declaration of 'std::unique_ptr<OGRSimpleCurve::ConstIterator::Private,std::default_delete<OGRSimpleCurve::ConstIterator::Private>>'
C:\Users\Debao\vcpkg\installed\x64-windows\include\ogr_feature.h(385,45): warning C4251: 'OGRFeature::FieldValue::m_poPrivate': class 'std::unique_ptr<OGRFeature::FieldValue::Private,std::default_delete<OGRFeature::FieldValue::Private>>' needs to have dll-interface to be used by clients of class 'OGRFeature::FieldValue'
C:\Users\Debao\vcpkg\installed\x64-windows\include\ogr_feature.h(385): message : see declaration of 'std::unique_ptr<OGRFeature::FieldValue::Private,std::default_delete<OGRFeature::FieldValue::Private>>'
C:\Users\Debao\vcpkg\installed\x64-windows\include\ogr_feature.h(528,45): warning C4251: 'OGRFeature::ConstFieldIterator::m_poPrivate': class 'std::unique_ptr<OGRFeature::ConstFieldIterator::Private,std::default_delete<OGRFeature::ConstFieldIterator::Private>>' needs to have dll-interface to be used by clients of class 'OGRFeature::ConstFieldIterator'
C:\Users\Debao\vcpkg\installed\x64-windows\include\ogr_feature.h(528): message : see declaration of 'std::unique_ptr<OGRFeature::ConstFieldIterator::Private,std::default_delete<OGRFeature::ConstFieldIterator::Private>>'
C:\Users\Debao\vcpkg\installed\x64-windows\include\gdal_priv.h(137,37): warning C4251: 'GDALMajorObject::sDescription': class 'CPLString' needs to have dll-interface to be used by clients of class 'GDALMajorObject'
C:\Users\Debao\vcpkg\installed\x64-windows\include\cpl_string.h(329): message : see declaration of 'CPLString'
C:\Users\Debao\vcpkg\installed\x64-windows\include\gdal_priv.h(190,30): warning C4251: 'GDALDefaultOverviews::osOvrFilename': class 'CPLString' needs to have dll-interface to be used by clients of class 'GDALDefaultOverviews'
C:\Users\Debao\vcpkg\installed\x64-windows\include\cpl_string.h(329): message : see declaration of 'CPLString'
C:\Users\Debao\vcpkg\installed\x64-windows\include\gdal_priv.h(471,53): warning C4251: 'GDALDataset::Bands::Iterator::m_poPrivate': class 'std::unique_ptr<GDALDataset::Bands::Iterator::Private,std::default_delete<GDALDataset::Bands::Iterator::Private>>' needs to have dll-interface to be used by clients of class 'GDALDataset::Bands::Iterator'
C:\Users\Debao\vcpkg\installed\x64-windows\include\gdal_priv.h(471): message : see declaration of 'std::unique_ptr<GDALDataset::Bands::Iterator::Private,std::default_delete<GDALDataset::Bands::Iterator::Private>>'
C:\Users\Debao\vcpkg\installed\x64-windows\include\gdal_priv.h(658,53): warning C4251: 'GDALDataset::Layers::Iterator::m_poPrivate': class 'std::unique_ptr<GDALDataset::Layers::Iterator::Private,std::default_delete<GDALDataset::Layers::Iterator::Private>>' needs to have dll-interface to be used by clients of class 'GDALDataset::Layers::Iterator'
C:\Users\Debao\vcpkg\installed\x64-windows\include\gdal_priv.h(658): message : see declaration of 'std::unique_ptr<GDALDataset::Layers::Iterator::Private,std::default_delete<GDALDataset::Layers::Iterator::Private>>'
C:\Users\Debao\vcpkg\installed\x64-windows\include\gdal_priv.h(716,53): warning C4251: 'GDALDataset::Features::Iterator::m_poPrivate': class 'std::unique_ptr<GDALDataset::Features::Iterator::Private,std::default_delete<GDALDataset::Features::Iterator::Private>>' needs to have dll-interface to be used by clients of class 'GDALDataset::Features::Iterator'
C:\Users\Debao\vcpkg\installed\x64-windows\include\gdal_priv.h(716): message : see declaration of 'std::unique_ptr<GDALDataset::Features::Iterator::Private,std::default_delete<GDALDataset::Features::Iterator::Private>>'
C:\Users\Debao\vcpkg\installed\x64-windows\include\gdal_priv.h(941,42): warning C4251: 'GDALColorTable::aoEntries': class 'std::vector<GDALColorEntry,std::allocator<GDALColorEntry>>' needs to have dll-interface to be used by clients of class 'GDALColorTable'
C:\Users\Debao\vcpkg\installed\x64-windows\include\gdal_priv.h(941): message : see declaration of 'std::vector<GDALColorEntry,std::allocator<GDALColorEntry>>'
C:\Users\Debao\vcpkg\installed\x64-windows\include\gdal_priv.h(1519,55): warning C4251: 'GDALDriverManager::oMapNameToDrivers': class 'std::map<CPLString,GDALDriver *,std::less<CPLString>,std::allocator<std::pair<const CPLString,GDALDriver *>>>' needs to have dll-interface to be used by clients of class 'GDALDriverManager'
C:\Users\Debao\vcpkg\installed\x64-windows\include\gdal_priv.h(1519): message : see declaration of 'std::map<CPLString,GDALDriver *,std::less<CPLString>,std::allocator<std::pair<const CPLString,GDALDriver *>>>'
  project1.vcxproj -> C:\Users\Debao\Desktop\IndividualStudy\Debao\build\Debug\project1.exe
